빌드 시작: 2012-08-20 오후 2:27:20
     1>2 노드의 "D:\Users\JDS_SSD\Desktop\JDS_PRO\인천신공항\2단계\프로그램\설정기\통합버전\통합버전\공항철도통합.vcxproj" 프로젝트(build 대상)입니다.
     1>InitializeBuildStatus:
         "AlwaysCreate"이(가) 지정되었기 때문에 "Debug\공항철도통합.unsuccessfulbuild"을(를) 만들고 있습니다.
       ClCompile:
         c:\Program Files\Microsoft Visual Studio 10.0\VC\bin\CL.exe /c /ZI /nologo /W3 /WX- /Od /Oy- /D _UNICODE /D UNICODE /Gm /EHsc /RTC1 /MDd /GS /fp:precise /Zc:wchar_t /Zc:forScope /Fo"Debug\\" /Fd"Debug\vc100.pdb" /Gd /TC /analyze- /errorReport:prompt DataPro.c Disk.c ds1647.c GpProface.c LED_DOWNLOAD.c Main.c NorFlash.c start.c stdio.c z85c30.c
         z85c30.c
     1>d:\users\jds_ssd\desktop\jds_pro\인천신공항\2단계\프로그램\설정기\통합버전\통합버전\z85c30.c(288): warning C4013: 'memset'이(가) 정의되지 않았습니다. extern은 int형을 반환하는 것으로 간주합니다.
     1>d:\users\jds_ssd\desktop\jds_pro\인천신공항\2단계\프로그램\설정기\통합버전\통합버전\z85c30.c(386): warning C4013: 'memcpy'이(가) 정의되지 않았습니다. extern은 int형을 반환하는 것으로 간주합니다.
     1>d:\users\jds_ssd\desktop\jds_pro\인천신공항\2단계\프로그램\설정기\통합버전\통합버전\z85c30.c(820): warning C4101: 'nTemp1' :참조되지 않은 지역 변수입니다.
     1>d:\users\jds_ssd\desktop\jds_pro\인천신공항\2단계\프로그램\설정기\통합버전\통합버전\z85c30.c(820): warning C4101: 'nTemp3' :참조되지 않은 지역 변수입니다.
     1>d:\users\jds_ssd\desktop\jds_pro\인천신공항\2단계\프로그램\설정기\통합버전\통합버전\z85c30.c(820): warning C4101: 'nTemp4' :참조되지 않은 지역 변수입니다.
     1>d:\users\jds_ssd\desktop\jds_pro\인천신공항\2단계\프로그램\설정기\통합버전\통합버전\z85c30.c(820): warning C4101: 'nTemp2' :참조되지 않은 지역 변수입니다.
     1>d:\users\jds_ssd\desktop\jds_pro\인천신공항\2단계\프로그램\설정기\통합버전\통합버전\z85c30.c(922): warning C4333: '>>' : 오른쪽 시프트 횟수가 너무 커 데이터가 손실됩니다.
     1>d:\users\jds_ssd\desktop\jds_pro\인천신공항\2단계\프로그램\설정기\통합버전\통합버전\z85c30.c(934): warning C4333: '>>' : 오른쪽 시프트 횟수가 너무 커 데이터가 손실됩니다.
     1>d:\users\jds_ssd\desktop\jds_pro\인천신공항\2단계\프로그램\설정기\통합버전\통합버전\z85c30.c(935): warning C4333: '>>' : 오른쪽 시프트 횟수가 너무 커 데이터가 손실됩니다.
     1>d:\users\jds_ssd\desktop\jds_pro\인천신공항\2단계\프로그램\설정기\통합버전\통합버전\z85c30.c(936): warning C4333: '>>' : 오른쪽 시프트 횟수가 너무 커 데이터가 손실됩니다.
     1>d:\users\jds_ssd\desktop\jds_pro\인천신공항\2단계\프로그램\설정기\통합버전\통합버전\z85c30.c(959): warning C4333: '>>' : 오른쪽 시프트 횟수가 너무 커 데이터가 손실됩니다.
     1>d:\users\jds_ssd\desktop\jds_pro\인천신공항\2단계\프로그램\설정기\통합버전\통합버전\z85c30.c(973): warning C4333: '>>' : 오른쪽 시프트 횟수가 너무 커 데이터가 손실됩니다.
     1>d:\users\jds_ssd\desktop\jds_pro\인천신공항\2단계\프로그램\설정기\통합버전\통합버전\z85c30.c(997): warning C4333: '>>' : 오른쪽 시프트 횟수가 너무 커 데이터가 손실됩니다.
     1>d:\users\jds_ssd\desktop\jds_pro\인천신공항\2단계\프로그램\설정기\통합버전\통합버전\z85c30.c(1033): warning C4333: '>>' : 오른쪽 시프트 횟수가 너무 커 데이터가 손실됩니다.
     1>d:\users\jds_ssd\desktop\jds_pro\인천신공항\2단계\프로그램\설정기\통합버전\통합버전\z85c30.c(1100): warning C4333: '>>' : 오른쪽 시프트 횟수가 너무 커 데이터가 손실됩니다.
         stdio.c
         start.c
     1>d:\users\jds_ssd\desktop\jds_pro\인천신공항\2단계\프로그램\설정기\통합버전\통합버전\start.c(1): error C2143: 구문 오류 : ')'이(가) '문자열' 앞에 없습니다.
     1>d:\users\jds_ssd\desktop\jds_pro\인천신공항\2단계\프로그램\설정기\통합버전\통합버전\start.c(1): error C2143: 구문 오류 : '{'이(가) '문자열' 앞에 없습니다.
     1>d:\users\jds_ssd\desktop\jds_pro\인천신공항\2단계\프로그램\설정기\통합버전\통합버전\start.c(1): error C2059: 구문 오류 : '<알 수 없음>'
     1>d:\users\jds_ssd\desktop\jds_pro\인천신공항\2단계\프로그램\설정기\통합버전\통합버전\start.c(1): error C2059: 구문 오류 : ')'
     1>d:\users\jds_ssd\desktop\jds_pro\인천신공항\2단계\프로그램\설정기\통합버전\통합버전\start.c(2): error C2143: 구문 오류 : ')'이(가) '문자열' 앞에 없습니다.
     1>d:\users\jds_ssd\desktop\jds_pro\인천신공항\2단계\프로그램\설정기\통합버전\통합버전\start.c(2): error C2143: 구문 오류 : '{'이(가) '문자열' 앞에 없습니다.
     1>d:\users\jds_ssd\desktop\jds_pro\인천신공항\2단계\프로그램\설정기\통합버전\통합버전\start.c(2): error C2059: 구문 오류 : '<알 수 없음>'
     1>d:\users\jds_ssd\desktop\jds_pro\인천신공항\2단계\프로그램\설정기\통합버전\통합버전\start.c(2): error C2059: 구문 오류 : ')'
     1>d:\users\jds_ssd\desktop\jds_pro\인천신공항\2단계\프로그램\설정기\통합버전\통합버전\start.c(3): error C2143: 구문 오류 : ')'이(가) '문자열' 앞에 없습니다.
     1>d:\users\jds_ssd\desktop\jds_pro\인천신공항\2단계\프로그램\설정기\통합버전\통합버전\start.c(3): error C2143: 구문 오류 : '{'이(가) '문자열' 앞에 없습니다.
     1>d:\users\jds_ssd\desktop\jds_pro\인천신공항\2단계\프로그램\설정기\통합버전\통합버전\start.c(3): error C2059: 구문 오류 : '<알 수 없음>'
     1>d:\users\jds_ssd\desktop\jds_pro\인천신공항\2단계\프로그램\설정기\통합버전\통합버전\start.c(3): error C2059: 구문 오류 : ')'
     1>d:\users\jds_ssd\desktop\jds_pro\인천신공항\2단계\프로그램\설정기\통합버전\통합버전\start.c(4): error C2143: 구문 오류 : ')'이(가) '문자열' 앞에 없습니다.
     1>d:\users\jds_ssd\desktop\jds_pro\인천신공항\2단계\프로그램\설정기\통합버전\통합버전\start.c(4): error C2143: 구문 오류 : '{'이(가) '문자열' 앞에 없습니다.
     1>d:\users\jds_ssd\desktop\jds_pro\인천신공항\2단계\프로그램\설정기\통합버전\통합버전\start.c(4): error C2059: 구문 오류 : '<알 수 없음>'
     1>d:\users\jds_ssd\desktop\jds_pro\인천신공항\2단계\프로그램\설정기\통합버전\통합버전\start.c(4): error C2059: 구문 오류 : ')'
         NorFlash.c
         Main.c
     1>d:\users\jds_ssd\desktop\jds_pro\인천신공항\2단계\프로그램\설정기\통합버전\통합버전\debug3x.h(119): warning C4013: 'asm'이(가) 정의되지 않았습니다. extern은 int형을 반환하는 것으로 간주합니다.
     1>d:\users\jds_ssd\desktop\jds_pro\인천신공항\2단계\프로그램\설정기\통합버전\통합버전\main.c(100): warning C4113: 'void (__cdecl *)()'은(는) 'void (__cdecl *)(void)'과(와) 매개 변수 목록이 다릅니다.
     1>d:\users\jds_ssd\desktop\jds_pro\인천신공항\2단계\프로그램\설정기\통합버전\통합버전\main.c(101): warning C4113: 'void (__cdecl *)()'은(는) 'void (__cdecl *)(void)'과(와) 매개 변수 목록이 다릅니다.
     1>d:\users\jds_ssd\desktop\jds_pro\인천신공항\2단계\프로그램\설정기\통합버전\통합버전\main.c(102): warning C4113: 'void (__cdecl *)()'은(는) 'void (__cdecl *)(void)'과(와) 매개 변수 목록이 다릅니다.
     1>d:\users\jds_ssd\desktop\jds_pro\인천신공항\2단계\프로그램\설정기\통합버전\통합버전\main.c(115): warning C4101: 'i' :참조되지 않은 지역 변수입니다.
         LED_DOWNLOAD.c
     1>d:\users\jds_ssd\desktop\jds_pro\인천신공항\2단계\프로그램\설정기\통합버전\통합버전\led_download.c(143): warning C4101: 'sSelfTestBuf' :참조되지 않은 지역 변수입니다.
     1>d:\users\jds_ssd\desktop\jds_pro\인천신공항\2단계\프로그램\설정기\통합버전\통합버전\led_download.c(233): warning C4305: '=' : 'int'에서 'UCHAR'(으)로 잘립니다.
     1>d:\users\jds_ssd\desktop\jds_pro\인천신공항\2단계\프로그램\설정기\통합버전\통합버전\led_download.c(408): warning C4013: 'Nvsram_IDC_UpLoad_Da'이(가) 정의되지 않았습니다. extern은 int형을 반환하는 것으로 간주합니다.
     1>d:\users\jds_ssd\desktop\jds_pro\인천신공항\2단계\프로그램\설정기\통합버전\통합버전\led_download.c(410): warning C4305: '=' : 'int'에서 'UCHAR'(으)로 잘립니다.
     1>d:\users\jds_ssd\desktop\jds_pro\인천신공항\2단계\프로그램\설정기\통합버전\통합버전\led_download.c(421): warning C4305: '초기화 중' : 'int'에서 'UCHAR'(으)로 잘립니다.
     1>d:\users\jds_ssd\desktop\jds_pro\인천신공항\2단계\프로그램\설정기\통합버전\통합버전\led_download.c(434): warning C4305: '=' : 'int'에서 'UCHAR'(으)로 잘립니다.
     1>d:\users\jds_ssd\desktop\jds_pro\인천신공항\2단계\프로그램\설정기\통합버전\통합버전\led_download.c(476): warning C4305: '초기화 중' : 'int'에서 'UCHAR'(으)로 잘립니다.
     1>d:\users\jds_ssd\desktop\jds_pro\인천신공항\2단계\프로그램\설정기\통합버전\통합버전\led_download.c(489): warning C4305: '=' : 'int'에서 'UCHAR'(으)로 잘립니다.
         GpProface.c
     1>d:\users\jds_ssd\desktop\jds_pro\인천신공항\2단계\프로그램\설정기\통합버전\통합버전\gpproface.c(99): warning C4018: '<' : signed 또는 unsigned가 일치하지 않습니다.
     1>d:\users\jds_ssd\desktop\jds_pro\인천신공항\2단계\프로그램\설정기\통합버전\통합버전\gpproface.c(151): warning C4305: '=' : 'int'에서 'UCHAR'(으)로 잘립니다.
     1>d:\users\jds_ssd\desktop\jds_pro\인천신공항\2단계\프로그램\설정기\통합버전\통합버전\gpproface.c(254): warning C4013: 'memset'이(가) 정의되지 않았습니다. extern은 int형을 반환하는 것으로 간주합니다.
     1>d:\users\jds_ssd\desktop\jds_pro\인천신공항\2단계\프로그램\설정기\통합버전\통합버전\gpproface.c(289): warning C4305: '=' : 'int'에서 'UCHAR'(으)로 잘립니다.
     1>d:\users\jds_ssd\desktop\jds_pro\인천신공항\2단계\프로그램\설정기\통합버전\통합버전\gpproface.c(399): warning C4333: '>>' : 오른쪽 시프트 횟수가 너무 커 데이터가 손실됩니다.
     1>d:\users\jds_ssd\desktop\jds_pro\인천신공항\2단계\프로그램\설정기\통합버전\통합버전\gpproface.c(400): warning C4333: '>>' : 오른쪽 시프트 횟수가 너무 커 데이터가 손실됩니다.
     1>d:\users\jds_ssd\desktop\jds_pro\인천신공항\2단계\프로그램\설정기\통합버전\통합버전\gpproface.c(453): warning C4013: 'memcpy'이(가) 정의되지 않았습니다. extern은 int형을 반환하는 것으로 간주합니다.
     1>d:\users\jds_ssd\desktop\jds_pro\인천신공항\2단계\프로그램\설정기\통합버전\통합버전\gpproface.c(884): warning C4305: '=' : 'int'에서 'UCHAR'(으)로 잘립니다.
     1>d:\users\jds_ssd\desktop\jds_pro\인천신공항\2단계\프로그램\설정기\통합버전\통합버전\gpproface.c(950): warning C4101: 'sDestTxBuf' :참조되지 않은 지역 변수입니다.
     1>d:\users\jds_ssd\desktop\jds_pro\인천신공항\2단계\프로그램\설정기\통합버전\통합버전\gpproface.c(1254): warning C4305: '=' : 'int'에서 'UCHAR'(으)로 잘립니다.
     1>d:\users\jds_ssd\desktop\jds_pro\인천신공항\2단계\프로그램\설정기\통합버전\통합버전\gpproface.c(1275): warning C4305: '=' : 'int'에서 'UCHAR'(으)로 잘립니다.
     1>d:\users\jds_ssd\desktop\jds_pro\인천신공항\2단계\프로그램\설정기\통합버전\통합버전\gpproface.c(1860): warning C4101: 'sDataBuf' :참조되지 않은 지역 변수입니다.
     1>d:\users\jds_ssd\desktop\jds_pro\인천신공항\2단계\프로그램\설정기\통합버전\통합버전\gpproface.c(1930): warning C4101: 'sDataBuf' :참조되지 않은 지역 변수입니다.
         ds1647.c
     1>d:\users\jds_ssd\desktop\jds_pro\인천신공항\2단계\프로그램\설정기\통합버전\통합버전\ds1647.h(22): error C2016: C를 사용하려면 구조체 또는 공용 구조체에 멤버가 하나 이상 있어야 합니다.
     1>d:\users\jds_ssd\desktop\jds_pro\인천신공항\2단계\프로그램\설정기\통합버전\통합버전\ds1647.h(22): error C2061: 구문 오류 : 식별자 'BYTE'
     1>d:\users\jds_ssd\desktop\jds_pro\인천신공항\2단계\프로그램\설정기\통합버전\통합버전\ds1647.h(23): error C2061: 구문 오류 : 식별자 'Min'
     1>d:\users\jds_ssd\desktop\jds_pro\인천신공항\2단계\프로그램\설정기\통합버전\통합버전\ds1647.h(23): error C2059: 구문 오류 : ';'
     1>d:\users\jds_ssd\desktop\jds_pro\인천신공항\2단계\프로그램\설정기\통합버전\통합버전\ds1647.h(24): error C2061: 구문 오류 : 식별자 'Hour'
     1>d:\users\jds_ssd\desktop\jds_pro\인천신공항\2단계\프로그램\설정기\통합버전\통합버전\ds1647.h(24): error C2059: 구문 오류 : ';'
     1>d:\users\jds_ssd\desktop\jds_pro\인천신공항\2단계\프로그램\설정기\통합버전\통합버전\ds1647.h(25): error C2061: 구문 오류 : 식별자 'Week'
     1>d:\users\jds_ssd\desktop\jds_pro\인천신공항\2단계\프로그램\설정기\통합버전\통합버전\ds1647.h(25): error C2059: 구문 오류 : ';'
     1>d:\users\jds_ssd\desktop\jds_pro\인천신공항\2단계\프로그램\설정기\통합버전\통합버전\ds1647.h(26): error C2061: 구문 오류 : 식별자 'Day'
     1>d:\users\jds_ssd\desktop\jds_pro\인천신공항\2단계\프로그램\설정기\통합버전\통합버전\ds1647.h(26): error C2059: 구문 오류 : ';'
     1>d:\users\jds_ssd\desktop\jds_pro\인천신공항\2단계\프로그램\설정기\통합버전\통합버전\ds1647.h(27): error C2061: 구문 오류 : 식별자 'Mon'
     1>d:\users\jds_ssd\desktop\jds_pro\인천신공항\2단계\프로그램\설정기\통합버전\통합버전\ds1647.h(27): error C2059: 구문 오류 : ';'
     1>d:\users\jds_ssd\desktop\jds_pro\인천신공항\2단계\프로그램\설정기\통합버전\통합버전\ds1647.h(28): error C2061: 구문 오류 : 식별자 'Year'
     1>d:\users\jds_ssd\desktop\jds_pro\인천신공항\2단계\프로그램\설정기\통합버전\통합버전\ds1647.h(28): error C2059: 구문 오류 : ';'
     1>d:\users\jds_ssd\desktop\jds_pro\인천신공항\2단계\프로그램\설정기\통합버전\통합버전\ds1647.h(29): error C2059: 구문 오류 : '}'
     1>d:\users\jds_ssd\desktop\jds_pro\인천신공항\2단계\프로그램\설정기\통합버전\통합버전\ds1647.h(36): error C2065: 'BYTE' : 선언되지 않은 식별자입니다.
     1>d:\users\jds_ssd\desktop\jds_pro\인천신공항\2단계\프로그램\설정기\통합버전\통합버전\ds1647.h(36): error C2059: 구문 오류 : ')'
     1>d:\users\jds_ssd\desktop\jds_pro\인천신공항\2단계\프로그램\설정기\통합버전\통합버전\ds1647.h(37): error C2065: 'BYTE' : 선언되지 않은 식별자입니다.
     1>d:\users\jds_ssd\desktop\jds_pro\인천신공항\2단계\프로그램\설정기\통합버전\통합버전\ds1647.h(37): error C2059: 구문 오류 : ')'
     1>d:\users\jds_ssd\desktop\jds_pro\인천신공항\2단계\프로그램\설정기\통합버전\통합버전\ds1647.h(38): error C2065: 'BYTE' : 선언되지 않은 식별자입니다.
     1>d:\users\jds_ssd\desktop\jds_pro\인천신공항\2단계\프로그램\설정기\통합버전\통합버전\ds1647.h(38): error C2059: 구문 오류 : ')'
     1>d:\users\jds_ssd\desktop\jds_pro\인천신공항\2단계\프로그램\설정기\통합버전\통합버전\ds1647.h(44): error C2146: 구문 오류 : ')'이(가) 'pTmBuf' 식별자 앞에 없습니다.
     1>d:\users\jds_ssd\desktop\jds_pro\인천신공항\2단계\프로그램\설정기\통합버전\통합버전\ds1647.h(44): error C2061: 구문 오류 : 식별자 'pTmBuf'
     1>d:\users\jds_ssd\desktop\jds_pro\인천신공항\2단계\프로그램\설정기\통합버전\통합버전\ds1647.h(44): error C2059: 구문 오류 : ';'
     1>d:\users\jds_ssd\desktop\jds_pro\인천신공항\2단계\프로그램\설정기\통합버전\통합버전\ds1647.h(44): error C2059: 구문 오류 : ')'
     1>d:\users\jds_ssd\desktop\jds_pro\인천신공항\2단계\프로그램\설정기\통합버전\통합버전\ds1647.h(45): error C2449: 파일 범위에 '{'가 있습니다. 함수 헤더가 없는 것 같습니다.
     1>d:\users\jds_ssd\desktop\jds_pro\인천신공항\2단계\프로그램\설정기\통합버전\통합버전\ds1647.h(55): error C2059: 구문 오류 : '}'
     1>d:\users\jds_ssd\desktop\jds_pro\인천신공항\2단계\프로그램\설정기\통합버전\통합버전\ds1647.c(7): error C2084: 'void TimeStart()' 함수에 이미 본문이 있습니다.
                 d:\users\jds_ssd\desktop\jds_pro\인천신공항\2단계\프로그램\설정기\통합버전\통합버전\ds1647.h(34) : 'TimeStart'의 이전 정의를 참조하십시오.
     1>d:\users\jds_ssd\desktop\jds_pro\인천신공항\2단계\프로그램\설정기\통합버전\통합버전\ds1647.c(8): error C2065: 'BYTE' : 선언되지 않은 식별자입니다.
     1>d:\users\jds_ssd\desktop\jds_pro\인천신공항\2단계\프로그램\설정기\통합버전\통합버전\ds1647.c(8): error C2059: 구문 오류 : ')'
     1>d:\users\jds_ssd\desktop\jds_pro\인천신공항\2단계\프로그램\설정기\통합버전\통합버전\ds1647.c(9): error C2065: 'BYTE' : 선언되지 않은 식별자입니다.
     1>d:\users\jds_ssd\desktop\jds_pro\인천신공항\2단계\프로그램\설정기\통합버전\통합버전\ds1647.c(9): error C2059: 구문 오류 : ')'
     1>d:\users\jds_ssd\desktop\jds_pro\인천신공항\2단계\프로그램\설정기\통합버전\통합버전\ds1647.c(10): error C2065: 'BYTE' : 선언되지 않은 식별자입니다.
     1>d:\users\jds_ssd\desktop\jds_pro\인천신공항\2단계\프로그램\설정기\통합버전\통합버전\ds1647.c(10): error C2059: 구문 오류 : ')'
     1>d:\users\jds_ssd\desktop\jds_pro\인천신공항\2단계\프로그램\설정기\통합버전\통합버전\ds1647.c(16): error C2146: 구문 오류 : ')'이(가) 'pTmBuf' 식별자 앞에 없습니다.
     1>d:\users\jds_ssd\desktop\jds_pro\인천신공항\2단계\프로그램\설정기\통합버전\통합버전\ds1647.c(16): error C2061: 구문 오류 : 식별자 'pTmBuf'
     1>d:\users\jds_ssd\desktop\jds_pro\인천신공항\2단계\프로그램\설정기\통합버전\통합버전\ds1647.c(16): error C2059: 구문 오류 : ';'
     1>d:\users\jds_ssd\desktop\jds_pro\인천신공항\2단계\프로그램\설정기\통합버전\통합버전\ds1647.c(16): error C2059: 구문 오류 : ')'
     1>d:\users\jds_ssd\desktop\jds_pro\인천신공항\2단계\프로그램\설정기\통합버전\통합버전\ds1647.c(17): error C2449: 파일 범위에 '{'가 있습니다. 함수 헤더가 없는 것 같습니다.
     1>d:\users\jds_ssd\desktop\jds_pro\인천신공항\2단계\프로그램\설정기\통합버전\통합버전\ds1647.c(27): error C2059: 구문 오류 : '}'
         Disk.c
     1>d:\users\jds_ssd\desktop\jds_pro\인천신공항\2단계\프로그램\설정기\통합버전\통합버전\disk.c(101): warning C4101: 'c' :참조되지 않은 지역 변수입니다.
     1>d:\users\jds_ssd\desktop\jds_pro\인천신공항\2단계\프로그램\설정기\통합버전\통합버전\disk.c(155): warning C4244: '=' : 'DWORD'에서 'UCHAR'(으)로 변환하면서 데이터가 손실될 수 있습니다.
     1>d:\users\jds_ssd\desktop\jds_pro\인천신공항\2단계\프로그램\설정기\통합버전\통합버전\disk.c(156): warning C4244: '=' : 'DWORD'에서 'UCHAR'(으)로 변환하면서 데이터가 손실될 수 있습니다.
     1>d:\users\jds_ssd\desktop\jds_pro\인천신공항\2단계\프로그램\설정기\통합버전\통합버전\disk.c(147): warning C4101: 'nTemp' :참조되지 않은 지역 변수입니다.
     1>d:\users\jds_ssd\desktop\jds_pro\인천신공항\2단계\프로그램\설정기\통합버전\통합버전\disk.c(178): warning C4013: 'memcpy'이(가) 정의되지 않았습니다. extern은 int형을 반환하는 것으로 간주합니다.
     1>d:\users\jds_ssd\desktop\jds_pro\인천신공항\2단계\프로그램\설정기\통합버전\통합버전\disk.c(213): warning C4013: 'strncmp'이(가) 정의되지 않았습니다. extern은 int형을 반환하는 것으로 간주합니다.
     1>d:\users\jds_ssd\desktop\jds_pro\인천신공항\2단계\프로그램\설정기\통합버전\통합버전\disk.c(173): warning C4101: 'nTemp' :참조되지 않은 지역 변수입니다.
     1>d:\users\jds_ssd\desktop\jds_pro\인천신공항\2단계\프로그램\설정기\통합버전\통합버전\disk.c(232): warning C4018: '<' : signed 또는 unsigned가 일치하지 않습니다.
     1>d:\users\jds_ssd\desktop\jds_pro\인천신공항\2단계\프로그램\설정기\통합버전\통합버전\disk.c(355): warning C4101: 'nTemp' :참조되지 않은 지역 변수입니다.
     1>d:\users\jds_ssd\desktop\jds_pro\인천신공항\2단계\프로그램\설정기\통합버전\통합버전\disk.c(352): warning C4101: 'j' :참조되지 않은 지역 변수입니다.
     1>d:\users\jds_ssd\desktop\jds_pro\인천신공항\2단계\프로그램\설정기\통합버전\통합버전\disk.c(537): warning C4013: 'memset'이(가) 정의되지 않았습니다. extern은 int형을 반환하는 것으로 간주합니다.
     1>d:\users\jds_ssd\desktop\jds_pro\인천신공항\2단계\프로그램\설정기\통합버전\통합버전\disk.c(562): warning C4554: '<<' : 연산자 우선 순위에 오류가 있는지 확인하십시오. 괄호를 사용하여 우선 순위를 명확하게 지정하십시오.
     1>d:\users\jds_ssd\desktop\jds_pro\인천신공항\2단계\프로그램\설정기\통합버전\통합버전\disk.c(564): warning C4554: '<<' : 연산자 우선 순위에 오류가 있는지 확인하십시오. 괄호를 사용하여 우선 순위를 명확하게 지정하십시오.
     1>d:\users\jds_ssd\desktop\jds_pro\인천신공항\2단계\프로그램\설정기\통합버전\통합버전\disk.c(674): warning C4305: '함수' : 'int'에서 'UCHAR'(으)로 잘립니다.
     1>d:\users\jds_ssd\desktop\jds_pro\인천신공항\2단계\프로그램\설정기\통합버전\통합버전\disk.c(699): warning C4305: '함수' : 'int'에서 'UCHAR'(으)로 잘립니다.
     1>d:\users\jds_ssd\desktop\jds_pro\인천신공항\2단계\프로그램\설정기\통합버전\통합버전\disk.c(779): warning C4305: '함수' : 'int'에서 'UCHAR'(으)로 잘립니다.
     1>d:\users\jds_ssd\desktop\jds_pro\인천신공항\2단계\프로그램\설정기\통합버전\통합버전\disk.c(802): warning C4305: '함수' : 'int'에서 'UCHAR'(으)로 잘립니다.
     1>d:\users\jds_ssd\desktop\jds_pro\인천신공항\2단계\프로그램\설정기\통합버전\통합버전\disk.c(827): warning C4305: '함수' : 'int'에서 'UCHAR'(으)로 잘립니다.
     1>d:\users\jds_ssd\desktop\jds_pro\인천신공항\2단계\프로그램\설정기\통합버전\통합버전\disk.c(851): warning C4305: '함수' : 'int'에서 'UCHAR'(으)로 잘립니다.
     1>d:\users\jds_ssd\desktop\jds_pro\인천신공항\2단계\프로그램\설정기\통합버전\통합버전\disk.c(650): warning C4101: 'dd' :참조되지 않은 지역 변수입니다.
     1>d:\users\jds_ssd\desktop\jds_pro\인천신공항\2단계\프로그램\설정기\통합버전\통합버전\disk.c(650): warning C4101: 'k' :참조되지 않은 지역 변수입니다.
     1>d:\users\jds_ssd\desktop\jds_pro\인천신공항\2단계\프로그램\설정기\통합버전\통합버전\disk.c(981): warning C4101: 'l' :참조되지 않은 지역 변수입니다.
     1>d:\users\jds_ssd\desktop\jds_pro\인천신공항\2단계\프로그램\설정기\통합버전\통합버전\disk.c(1013): warning C4101: 'l' :참조되지 않은 지역 변수입니다.
     1>d:\users\jds_ssd\desktop\jds_pro\인천신공항\2단계\프로그램\설정기\통합버전\통합버전\disk.c(1075): warning C4013: 'free'이(가) 정의되지 않았습니다. extern은 int형을 반환하는 것으로 간주합니다.
     1>d:\users\jds_ssd\desktop\jds_pro\인천신공항\2단계\프로그램\설정기\통합버전\통합버전\disk.c(1095): warning C4018: '<' : signed 또는 unsigned가 일치하지 않습니다.
     1>d:\users\jds_ssd\desktop\jds_pro\인천신공항\2단계\프로그램\설정기\통합버전\통합버전\disk.c(1146): warning C4013: 'calloc'이(가) 정의되지 않았습니다. extern은 int형을 반환하는 것으로 간주합니다.
     1>d:\users\jds_ssd\desktop\jds_pro\인천신공항\2단계\프로그램\설정기\통합버전\통합버전\disk.c(1223): warning C4101: 'l' :참조되지 않은 지역 변수입니다.
     1>d:\users\jds_ssd\desktop\jds_pro\인천신공항\2단계\프로그램\설정기\통합버전\통합버전\disk.c(1361): warning C4101: 'nTrainNumData' :참조되지 않은 지역 변수입니다.
     1>d:\users\jds_ssd\desktop\jds_pro\인천신공항\2단계\프로그램\설정기\통합버전\통합버전\disk.c(1451): warning C4018: '<' : signed 또는 unsigned가 일치하지 않습니다.
         DataPro.c
     1>d:\users\jds_ssd\desktop\jds_pro\인천신공항\2단계\프로그램\설정기\통합버전\통합버전\datapro.c(292): warning C4101: 'sCh' :참조되지 않은 지역 변수입니다.
     1>d:\users\jds_ssd\desktop\jds_pro\인천신공항\2단계\프로그램\설정기\통합버전\통합버전\datapro.c(375): warning C4101: 'i' :참조되지 않은 지역 변수입니다.
     1>d:\users\jds_ssd\desktop\jds_pro\인천신공항\2단계\프로그램\설정기\통합버전\통합버전\datapro.c(435): warning C4101: 'i' :참조되지 않은 지역 변수입니다.
     1>d:\users\jds_ssd\desktop\jds_pro\인천신공항\2단계\프로그램\설정기\통합버전\통합버전\datapro.c(634): warning C4244: '+=' : 'double'에서 'UCHAR'(으)로 변환하면서 데이터가 손실될 수 있습니다.
     1>d:\users\jds_ssd\desktop\jds_pro\인천신공항\2단계\프로그램\설정기\통합버전\통합버전\datapro.c(636): warning C4244: '=' : 'DWORD'에서 'UCHAR'(으)로 변환하면서 데이터가 손실될 수 있습니다.
     1>d:\users\jds_ssd\desktop\jds_pro\인천신공항\2단계\프로그램\설정기\통합버전\통합버전\datapro.c(637): warning C4244: '=' : 'DWORD'에서 'UCHAR'(으)로 변환하면서 데이터가 손실될 수 있습니다.
     1>d:\users\jds_ssd\desktop\jds_pro\인천신공항\2단계\프로그램\설정기\통합버전\통합버전\datapro.c(638): warning C4013: 'gp_WritingDWord'이(가) 정의되지 않았습니다. extern은 int형을 반환하는 것으로 간주합니다.
     1>d:\users\jds_ssd\desktop\jds_pro\인천신공항\2단계\프로그램\설정기\통합버전\통합버전\datapro.c(811): warning C4305: '초기화 중' : 'int'에서 'UCHAR'(으)로 잘립니다.
     1>d:\users\jds_ssd\desktop\jds_pro\인천신공항\2단계\프로그램\설정기\통합버전\통합버전\datapro.c(883): warning C4305: '=' : 'int'에서 'UCHAR'(으)로 잘립니다.
     1>d:\users\jds_ssd\desktop\jds_pro\인천신공항\2단계\프로그램\설정기\통합버전\통합버전\datapro.c(912): warning C4305: '초기화 중' : 'int'에서 'UCHAR'(으)로 잘립니다.
     1>d:\users\jds_ssd\desktop\jds_pro\인천신공항\2단계\프로그램\설정기\통합버전\통합버전\datapro.c(984): warning C4305: '=' : 'int'에서 'UCHAR'(으)로 잘립니다.
     1>d:\users\jds_ssd\desktop\jds_pro\인천신공항\2단계\프로그램\설정기\통합버전\통합버전\datapro.c(1031): warning C4101: 'i' :참조되지 않은 지역 변수입니다.
     1>d:\users\jds_ssd\desktop\jds_pro\인천신공항\2단계\프로그램\설정기\통합버전\통합버전\datapro.c(1756): warning C4013: 'BIN_BCD'이(가) 정의되지 않았습니다. extern은 int형을 반환하는 것으로 간주합니다.
     1>d:\users\jds_ssd\desktop\jds_pro\인천신공항\2단계\프로그램\설정기\통합버전\통합버전\datapro.c(1842): warning C4101: 'i' :참조되지 않은 지역 변수입니다.
     1>d:\users\jds_ssd\desktop\jds_pro\인천신공항\2단계\프로그램\설정기\통합버전\통합버전\datapro.c(2120): warning C4101: 'sAddSet_Tx_Buf' :참조되지 않은 지역 변수입니다.
     1>d:\users\jds_ssd\desktop\jds_pro\인천신공항\2단계\프로그램\설정기\통합버전\통합버전\datapro.c(2122): warning C4101: 'sSelf_Tx_Buf' :참조되지 않은 지역 변수입니다.
     1>d:\users\jds_ssd\desktop\jds_pro\인천신공항\2단계\프로그램\설정기\통합버전\통합버전\datapro.c(2490): warning C4101: 'sDataBuf' :참조되지 않은 지역 변수입니다.
     1>d:\users\jds_ssd\desktop\jds_pro\인천신공항\2단계\프로그램\설정기\통합버전\통합버전\datapro.c(2579): warning C4013: 'calloc'이(가) 정의되지 않았습니다. extern은 int형을 반환하는 것으로 간주합니다.
     1>d:\users\jds_ssd\desktop\jds_pro\인천신공항\2단계\프로그램\설정기\통합버전\통합버전\datapro.c(2621): warning C4013: 'free'이(가) 정의되지 않았습니다. extern은 int형을 반환하는 것으로 간주합니다.
     1>d:\users\jds_ssd\desktop\jds_pro\인천신공항\2단계\프로그램\설정기\통합버전\통합버전\datapro.c(2633): warning C4101: 'j' :참조되지 않은 지역 변수입니다.
         코드를 생성하고 있습니다...
     1>d:\users\jds_ssd\desktop\jds_pro\인천신공항\2단계\프로그램\설정기\통합버전\통합버전\disk.c(162): warning C4716: 'SanDisk_ABS_RD' : 값을 반환해야 합니다.
     1>d:\users\jds_ssd\desktop\jds_pro\인천신공항\2단계\프로그램\설정기\통합버전\통합버전\disk.c(217): warning C4716: 'Sandisk_Init' : 값을 반환해야 합니다.
     1>d:\users\jds_ssd\desktop\jds_pro\인천신공항\2단계\프로그램\설정기\통합버전\통합버전\disk.c(585): warning C4715: 'Nvsram_IDC_UpLoad_CK' : 모든 제어 경로에서 값을 반환하지는 않습니다.
     1>d:\users\jds_ssd\desktop\jds_pro\인천신공항\2단계\프로그램\설정기\통합버전\통합버전\disk.c(1114): warning C4716: 'NVSRAM_Rd_StationName' : 값을 반환해야 합니다.
     1>d:\users\jds_ssd\desktop\jds_pro\인천신공항\2단계\프로그램\설정기\통합버전\통합버전\disk.c(1300): warning C4716: 'NVSRAM_Rd_StationName_Code' : 값을 반환해야 합니다.
     1>d:\users\jds_ssd\desktop\jds_pro\인천신공항\2단계\프로그램\설정기\통합버전\통합버전\disk.c(1339): warning C4716: 'NVSRAM_Comp_StopP' : 값을 반환해야 합니다.
     1>d:\users\jds_ssd\desktop\jds_pro\인천신공항\2단계\프로그램\설정기\통합버전\통합버전\disk.c(1479): warning C4716: 'NVSRAM_Find_StationRoot' : 값을 반환해야 합니다.
     1>d:\users\jds_ssd\desktop\jds_pro\인천신공항\2단계\프로그램\설정기\통합버전\통합버전\gpproface.c(121): warning C4716: 'Hex2ASCIIW' : 값을 반환해야 합니다.
     1>"D:\Users\JDS_SSD\Desktop\JDS_PRO\인천신공항\2단계\프로그램\설정기\통합버전\통합버전\공항철도통합.vcxproj" 프로젝트를 빌드했습니다(build 대상). - 실패

빌드하지 못했습니다.

경과 시간: 00:00:02.16
